
> frontend2@0.0.0 dev
> vite

[2m12:46:26 AM[22m [36m[1m[vite][22m[39m [90m[2m(client)[22m[39m Re-optimizing dependencies because vite config has changed
Port 5173 is in use, trying another one...
Port 5174 is in use, trying another one...
Port 5175 is in use, trying another one...

  [32m[1mVITE[22m v6.4.1[39m  [2mready in [0m[1m1355[22m[2m[0m ms[22m

  [32m➜[39m  [1mLocal[22m:   [36mhttp://localhost:[1m5176[22m/[39m
[2m  [32m➜[39m  [1mNetwork[22m[2m: use [22m[1m--host[22m[2m to expose[22m
[2m[32m  ➜[39m[22m[2m  press [22m[1mh + enter[22m[2m to show help[22m
Error: [31m  Failed to scan for dependencies from entries:
  C:/Users/91902/Desktop/f/frontend2/index.html

  [39m[31mX [41;31m[[41;97mERROR[41;31m][0m [1mExpected ":" but found "ListTodo"[0m

    src/components/pages/Notifications.jsx:12:18:
[37m      12 │       case "task" [32mListTodo[37m;
         │                   [32m~~~~~~~~[37m
         ╵                   [32m:[0m


[31mX [41;31m[[41;97mERROR[41;31m][0m [1mExpected "}" but found ")"[0m

    src/components/ui/switch.jsx:12:0:
[37m      12 │ [32m)[37m {
         │ [32m^[37m
         ╵ [32m}[0m


    at failureErrorWithLog (C:\Users\91902\Desktop\f\frontend2\node_modules\esbuild\lib\main.js:1467:15)
    at C:\Users\91902\Desktop\f\frontend2\node_modules\esbuild\lib\main.js:926:25
    at runOnEndCallbacks (C:\Users\91902\Desktop\f\frontend2\node_modules\esbuild\lib\main.js:1307:45)
    at buildResponseToResult (C:\Users\91902\Desktop\f\frontend2\node_modules\esbuild\lib\main.js:924:7)
    at C:\Users\91902\Desktop\f\frontend2\node_modules\esbuild\lib\main.js:936:9
    at new Promise (<anonymous>)
    at requestCallbacks.on-end (C:\Users\91902\Desktop\f\frontend2\node_modules\esbuild\lib\main.js:935:54)
    at handleRequest (C:\Users\91902\Desktop\f\frontend2\node_modules\esbuild\lib\main.js:628:17)
    at handleIncomingPacket (C:\Users\91902\Desktop\f\frontend2\node_modules\esbuild\lib\main.js:653:7)
    at Socket.readFromStdout (C:\Users\91902\Desktop\f\frontend2\node_modules\esbuild\lib\main.js:581:7)
